  [4;36;1mSQL (43.5ms)[0m   [0;1mSET NAMES 'utf8'[0m
  [4;35;1mSQL (0.1ms)[0m   [0mSET SQL_AUTO_IS_NULL=0[0m


Processing ArticlesController#index (for 127.0.0.1 at 2013-04-21 16:08:07) [GET]
  [4;36;1mArticle Load (0.0ms)[0m   [0;1mMysql::Error: Table 'submodule_development.articles' doesn't exist: SELECT * FROM `articles` [0m

ActiveRecord::StatementInvalid (Mysql::Error: Table 'submodule_development.articles' doesn't exist: SELECT * FROM `articles` ):
  app/controllers/articles_controller.rb:3:in `index'

Rendered rescues/_trace (34.6ms)
Rendered rescues/_request_and_response (1.1ms)
Rendering rescues/layout (internal_server_error)
  [4;36;1mSQL (0.1ms)[0m   [0;1mSET NAMES 'utf8'[0m
  [4;35;1mSQL (0.1ms)[0m   [0mSET SQL_AUTO_IS_NULL=0[0m
  [4;36;1mSQL (6.2ms)[0m   [0;1mSHOW TABLES[0m
  [4;35;1mSQL (152.0ms)[0m   [0mSELECT version FROM schema_migrations[0m
Migrating to CreateArticles (20130421102718)
  [4;36;1mSQL (157.3ms)[0m   [0;1mCREATE TABLE `articles` (`id` int(11) DEFAULT NULL auto_increment PRIMARY KEY, `name` varchar(255), `content` text, `author_name` varchar(255), `created_at` datetime, `updated_at` datetime) ENGINE=InnoDB[0m
  [4;35;1mSQL (30.4ms)[0m   [0mINSERT INTO schema_migrations (version) VALUES ('20130421102718')[0m
Migrating to CreateComments (20130421102747)
  [4;36;1mSQL (240.8ms)[0m   [0;1mCREATE TABLE `comments` (`id` int(11) DEFAULT NULL auto_increment PRIMARY KEY, `article_id` int(11), `author_name` varchar(255), `site_url` varchar(255), `content` text, `created_at` datetime, `updated_at` datetime) ENGINE=InnoDB[0m
  [4;35;1mSQL (0.7ms)[0m   [0mINSERT INTO schema_migrations (version) VALUES ('20130421102747')[0m
  [4;36;1mSQL (23.6ms)[0m   [0;1mSHOW TABLES[0m
  [4;35;1mSQL (0.4ms)[0m   [0mSELECT version FROM schema_migrations[0m
  [4;36;1mSQL (0.4ms)[0m   [0;1mSHOW TABLES[0m
  [4;35;1mSQL (28.9ms)[0m   [0mSHOW FIELDS FROM `articles`[0m
  [4;36;1mSQL (3.0ms)[0m   [0;1mdescribe `articles`[0m
  [4;35;1mSQL (0.3ms)[0m   [0mSHOW KEYS FROM `articles`[0m
  [4;36;1mSQL (1.7ms)[0m   [0;1mSHOW FIELDS FROM `comments`[0m
  [4;35;1mSQL (23.5ms)[0m   [0mdescribe `comments`[0m
  [4;36;1mSQL (0.3ms)[0m   [0;1mSHOW KEYS FROM `comments`[0m
  [4;35;1mSQL (54.8ms)[0m   [0mSHOW FIELDS FROM `posts`[0m
  [4;36;1mSQL (1.8ms)[0m   [0;1mdescribe `posts`[0m
  [4;35;1mSQL (0.3ms)[0m   [0mSHOW KEYS FROM `posts`[0m
  [4;35;1mSQL (0.1ms)[0m   [0mSET NAMES 'utf8'[0m
  [4;36;1mSQL (0.1ms)[0m   [0;1mSET SQL_AUTO_IS_NULL=0[0m


Processing ArticlesController#index (for 127.0.0.1 at 2013-04-21 16:10:20) [GET]
  [4;35;1mArticle Load (0.4ms)[0m   [0mSELECT * FROM `articles` [0m
Rendering template within layouts/application
Rendering articles/index

ActionView::TemplateError (undefined method `show_title?' for #<ActionView::Base:0x10a9bb9b8>) on line #14 of app/views/layouts/application.html.erb:
11:         <%= content_tag :div, msg, :id => "flash_#{name}" %>
12:       <%- end -%>
13: 
14:       <%- if show_title? -%>
15:         <h1><%=h yield(:title) %></h1>
16:       <%- end -%>
17: 

    app/views/layouts/application.html.erb:14

Rendered rescues/_trace (31.8ms)
Rendered rescues/_request_and_response (0.2ms)
Rendering rescues/layout (internal_server_error)
  [4;36;1mSQL (0.1ms)[0m   [0;1mSET NAMES 'utf8'[0m
  [4;35;1mSQL (0.1ms)[0m   [0mSET SQL_AUTO_IS_NULL=0[0m


Processing ArticlesController#index (for 127.0.0.1 at 2013-04-21 16:10:36) [GET]
  [4;36;1mArticle Load (0.2ms)[0m   [0;1mSELECT * FROM `articles` [0m
Rendering template within layouts/application
Rendering articles/index
Completed in 6ms (View: 3, DB: 0) | 200 OK [http://localhost/]
